Calculating metrics...
Predicting: 9it [00:06,  1.38it/s]Processed 10 predictions
Predicting: 19it [00:14,  1.30it/s]Processed 20 predictions
Predicting: 29it [00:21,  1.39it/s]Processed 30 predictions
Predicting: 39it [00:28,  1.37it/s]Processed 40 predictions
Predicting: 49it [00:35,  1.44it/s]Processed 50 predictions
Predicting: 59it [00:43,  1.39it/s]Processed 60 predictions
Predicting: 69it [00:50,  1.33it/s]Processed 70 predictions
Predicting: 79it [00:58,  1.42it/s]Processed 80 predictions
Predicting: 89it [01:05,  1.54it/s]Processed 90 predictions
Predicting: 99it [01:13,  1.35it/s]Processed 100 predictions
Predicting: 100it [01:13,  1.41it/s]/home/mdafifal.mamun/miniconda3/envs/tracesim/lib/python3.8/site-packages/numpy/core/fromnumeric.py:3474: RuntimeWarning: Mean of empty slice.
  return _methods._mean(a, axis=axis, dtype=dtype,
/home/mdafifal.mamun/miniconda3/envs/tracesim/lib/python3.8/site-packages/numpy/core/_methods.py:189: RuntimeWarning: invalid value encountered in double_scalars
  ret = ret.dtype.type(ret / rcount)
/home/mdafifal.mamun/research/S3M/src/methods/neural/siam/encoders.py:402: VisibleDeprecationWarning: Creating an ndarray from ragged nested sequences (which is a list-or-tuple of lists-or-tuples-or ndarrays with different lengths or shapes) is deprecated. If you meant to do this, you must specify 'dtype=object' when creating the ndarray.
  frame_representations = np.array(frame_representations)
Predicting: 109it [01:20,  1.40it/s]Processed 110 predictions
Predicting: 119it [01:27,  1.44it/s]Processed 120 predictions
Predicting: 129it [01:34,  1.49it/s]Processed 130 predictions
Predicting: 139it [01:40,  1.72it/s]Processed 140 predictions
Predicting: 149it [01:46,  1.53it/s]Processed 150 predictions
Predicting: 159it [01:52,  1.50it/s]Processed 160 predictions
Predicting: 169it [01:59,  1.58it/s]Processed 170 predictions
Predicting: 179it [02:04,  1.71it/s]Processed 180 predictions
Predicting: 189it [02:10,  1.75it/s]Processed 190 predictions
Predicting: 199it [02:15,  2.15it/s]Processed 200 predictions
Predicting: 209it [02:19,  2.26it/s]Processed 210 predictions
Predicting: 219it [02:24,  2.42it/s]Processed 220 predictions
Predicting: 229it [02:27,  3.67it/s]Processed 230 predictions
Predicting: 239it [02:29,  4.39it/s]Processed 240 predictions
Predicting: 249it [02:31,  4.31it/s]Processed 250 predictions
Predicting: 259it [02:34,  4.86it/s]Processed 260 predictions
Predicting: 269it [02:35,  6.24it/s]Processed 270 predictions
Predicting: 279it [02:37,  6.98it/s]Processed 280 predictions
Predicting: 289it [02:38,  6.94it/s]Processed 290 predictions
Predicting: 299it [02:40,  6.10it/s]Processed 300 predictions
Predicting: 303it [02:41,  1.88it/s]
map: 0.39516479528795373
auc: 0.39516479528795373
mrr: (0.39516479528795373, 0.3363938911181031, 0.45047075305988976)
rr@1: (0.33568904593639576, 0.2826855123674912, 0.392226148409894)
rr@2: (0.38162544169611307, 0.33568904593639576, 0.4381625441696113)
rr@3: (0.38515901060070673, 0.33568904593639576, 0.43109540636042404)
rr@4: (0.4169611307420495, 0.36395759717314485, 0.4664310954063604)
rr@5: (0.44876325088339225, 0.392226148409894, 0.5053003533568905)
rr@6: (0.4558303886925795, 0.3957597173144876, 0.5229681978798587)
rr@7: (0.49469964664310956, 0.4381625441696113, 0.5477031802120141)
rr@8: (0.49823321554770317, 0.44876325088339225, 0.5547703180212014)
rr@9: (0.49823321554770317, 0.4381625441696113, 0.568904593639576)
rr@10: (0.5053003533568905, 0.4416961130742049, 0.5512367491166078)