Device: cuda
Arguments: Namespace(bucket_name='ubuntu', data_path='/home/mdafifal.mamun/research/S3M/dataset/EMSE_data/campbell_dataset/campbell_stacktraces.json', encoder_path='/work/disa_lab/afif/projects/deduplication/trained_embedding_models/baai_bge-base-en-v1.5_ubuntu_50frames_4train_0trim_2100_traindays/final', lang='cpp', loss='ranknet', max_frames=-1, method='transformer', multi_stack=False, skip_training=False, trim_len=0)
Max frames: 50
Dataset: ubuntu
Method: transformer
Trim:  0
train_days 2100 test_days 700 warmup_days 350 val_days 50 loss_name ranknet
Selected StackLoader for C++
File path inclusion: False
Multi stack status: False
Selected formatter: cpp num_frames: 50
Using CppStackFormatter
Loading transformer model: /work/disa_lab/afif/projects/deduplication/trained_embedding_models/baai_bge-base-en-v1.5_ubuntu_50frames_4train_0trim_2100_traindays/final
Selected formatter: cpp
Choosen model: SiamSentTransformerModel(
  (classifier): StackClassifier(
    (classifier): Sequential(
      (0): Dropout(p=0.1, inplace=False)
      (1): Linear(in_features=3072, out_features=1536, bias=True)
      (2): ReLU()
      (3): Linear(in_features=1536, out_features=1, bias=True)
    )
  )
)
Data sample: <data.buckets.event_state_model.StackAdditionState object at 0x7f7252817b80>
Time to score validation data: 4.76837158203125e-07
Total epochs: 4
Train Step: 9501it [02:40, 59.20it/s]
Predicting: 100it [00:54,  1.84it/s]
Predicting: 100it [00:12,  7.95it/s]
Epoch 0: 9501. Train loss: 0.2284. Test loss: 0.0873. Train prec 0.7, rec 1.0. Test prec 0.72, rec 1.0       
Epoch 0 done.
Loss improved. Saving new best model...
Train Step: 9501it [00:47, 198.64it/s]
Predicting: 100it [00:50,  1.99it/s]
Predicting: 100it [00:11,  8.57it/s]
Epoch 1: 9501. Train loss: 0.2389. Test loss: 0.0855. Train prec 0.71, rec 1.0. Test prec 0.73, rec 1.0       
Epoch 1 done.
Loss improved. Saving new best model...
Train Step: 9501it [00:47, 199.81it/s]
Predicting: 100it [00:50,  2.00it/s]
Predicting: 100it [00:11,  8.65it/s]
Epoch 2: 9501. Train loss: 0.2269. Test loss: 0.0875. Train prec 0.7, rec 1.0. Test prec 0.73, rec 1.0       
Epoch 2 done.
Train Step: 9501it [00:46, 202.44it/s]
Predicting: 100it [00:49,  2.03it/s]
Predicting: 100it [00:11,  8.78it/s]
Epoch 3: 9501. Train loss: 0.2063. Test loss: 0.0899. Train prec 0.71, rec 1.0. Test prec 0.71, rec 1.0       
Epoch 3 done.
Loading best model...
Test
Calculating metrics...
Predicting: 9it [00:01,  6.96it/s]Processed 10 predictions
Predicting: 19it [00:02,  6.83it/s]Processed 20 predictions
Predicting: 29it [00:04,  6.82it/s]Processed 30 predictions
Predicting: 39it [00:05,  7.62it/s]Processed 40 predictions
Predicting: 49it [00:06,  8.01it/s]Processed 50 predictions
Predicting: 59it [00:07,  9.18it/s]Processed 60 predictions
Predicting: 68it [00:08, 10.37it/s]Processed 70 predictions
Predicting: 78it [00:09, 10.55it/s]Processed 80 predictions
Predicting: 88it [00:10, 11.90it/s]Processed 90 predictions
Predicting: 98it [00:11, 15.41it/s]Processed 100 predictions
Predicting: 108it [00:11, 15.28it/s]Processed 110 predictions
Predicting: 118it [00:12, 15.27it/s]Processed 120 predictions
Predicting: 128it [00:13, 16.79it/s]Processed 130 predictions
Predicting: 137it [00:13, 18.25it/s]Processed 140 predictions
Predicting: 149it [00:14, 21.50it/s]Processed 150 predictions
Predicting: 158it [00:14, 21.79it/s]Processed 160 predictions
Predicting: 167it [00:14, 11.16it/s]
map: 0.8387701952452291
auc: 0.8387701952452291
mrr: (0.8387701952452291, 0.8006232006401246, 0.8726680290553436)
rr@1: (0.7908496732026143, 0.7320261437908496, 0.8627450980392157)
rr@2: (0.8562091503267973, 0.803921568627451, 0.9150326797385621)
rr@3: (0.8823529411764706, 0.8235294117647058, 0.934640522875817)
rr@4: (0.8888888888888888, 0.8366013071895425, 0.9411764705882353)
rr@5: (0.8888888888888888, 0.8366013071895425, 0.934640522875817)
rr@6: (0.8954248366013072, 0.8627450980392157, 0.9411764705882353)
rr@7: (0.8954248366013072, 0.8496732026143791, 0.9411764705882353)
rr@8: (0.8954248366013072, 0.8300653594771242, 0.9411764705882353)
rr@9: (0.8954248366013072, 0.8562091503267973, 0.9411764705882353)
rr@10: (0.8954248366013072, 0.8431372549019608, 0.934640522875817)

Time to predict 0.019917011260986328
Time: 588.7701687812805